0 info it worked if it ends with ok
1 verbose cli [ 'C:\\Program Files\\nodejs\\node.exe',
1 verbose cli   'C:\\Program Files\\nodejs\\node_modules\\npm\\bin\\npm-cli.js',
1 verbose cli   'install' ]
2 info using npm@2.14.4
3 info using node@v4.1.2
4 verbose readDependencies loading dependencies from C:\Users\shahbrother\Desktop\Send\Wallet\package.json
5 verbose readDependencies npm-shrinkwrap.json is overriding dependencies
6 info shrinkwrap file "C:\\Users\\shahbrother\\Desktop\\Send\\Wallet\\npm-shrinkwrap.json"
7 verbose readDependencies returned deps { 'body-parser': 'https://registry.npmjs.org/body-parser/-/body-parser-1.8.2.tgz',
7 verbose readDependencies returned deps   'browser-sync': 'https://registry.npmjs.org/browser-sync/-/browser-sync-2.11.0.tgz',
7 verbose readDependencies returned deps   chai: 'https://registry.npmjs.org/chai/-/chai-1.9.2.tgz',
7 verbose readDependencies returned deps   'chai-as-promised': 'https://registry.npmjs.org/chai-as-promised/-/chai-as-promised-4.1.1.tgz',
7 verbose readDependencies returned deps   chalk: 'https://registry.npmjs.org/chalk/-/chalk-0.5.1.tgz',
7 verbose readDependencies returned deps   dateformat: 'https://registry.npmjs.org/dateformat/-/dateformat-1.0.8-1.2.3.tgz',
7 verbose readDependencies returned deps   debug: 'https://registry.npmjs.org/debug/-/debug-2.0.0.tgz',
7 verbose readDependencies returned deps   del: 'https://registry.npmjs.org/del/-/del-0.1.3.tgz',
7 verbose readDependencies returned deps   'es6-promise': 'https://registry.npmjs.org/es6-promise/-/es6-promise-3.0.2.tgz',
7 verbose readDependencies returned deps   express: 'https://registry.npmjs.org/express/-/express-4.9.3.tgz',
7 verbose readDependencies returned deps   glob: 'https://registry.npmjs.org/glob/-/glob-4.0.5.tgz',
7 verbose readDependencies returned deps   gulp: 'https://registry.npmjs.org/gulp/-/gulp-3.8.11.tgz',
7 verbose readDependencies returned deps   'gulp-add-src': 'https://registry.npmjs.org/gulp-add-src/-/gulp-add-src-0.2.0.tgz',
7 verbose readDependencies returned deps   'gulp-angular-templatecache': 'https://registry.npmjs.org/gulp-angular-templatecache/-/gulp-angular-templatecache-1.4.2.tgz',
7 verbose readDependencies returned deps   'gulp-autoprefixer': 'https://registry.npmjs.org/gulp-autoprefixer/-/gulp-autoprefixer-3.1.0.tgz',
7 verbose readDependencies returned deps   'gulp-bump': 'https://registry.npmjs.org/gulp-bump/-/gulp-bump-0.1.11.tgz',
7 verbose readDependencies returned deps   'gulp-bytediff': 'https://registry.npmjs.org/gulp-bytediff/-/gulp-bytediff-0.2.0.tgz',
7 verbose readDependencies returned deps   'gulp-concat': 'https://registry.npmjs.org/gulp-concat/-/gulp-concat-2.3.3.tgz',
7 verbose readDependencies returned deps   'gulp-cssnano': 'https://registry.npmjs.org/gulp-cssnano/-/gulp-cssnano-2.1.0.tgz',
7 verbose readDependencies returned deps   'gulp-filter': 'https://registry.npmjs.org/gulp-filter/-/gulp-filter-1.0.2.tgz',
7 verbose readDependencies returned deps   'gulp-flatten': 'https://registry.npmjs.org/gulp-flatten/-/gulp-flatten-0.2.0.tgz',
7 verbose readDependencies returned deps   'gulp-header': 'https://registry.npmjs.org/gulp-header/-/gulp-header-1.2.2.tgz',
7 verbose readDependencies returned deps   'gulp-htmlhint': 'https://registry.npmjs.org/gulp-htmlhint/-/gulp-htmlhint-0.3.0.tgz',
7 verbose readDependencies returned deps   'gulp-htmlmin': 'https://registry.npmjs.org/gulp-htmlmin/-/gulp-htmlmin-1.3.0.tgz',
7 verbose readDependencies returned deps   'gulp-if': 'https://registry.npmjs.org/gulp-if/-/gulp-if-1.2.5.tgz',
7 verbose readDependencies returned deps   'gulp-iife': 'https://registry.npmjs.org/gulp-iife/-/gulp-iife-0.1.0.tgz',
7 verbose readDependencies returned deps   'gulp-imagemin': 'https://registry.npmjs.org/gulp-imagemin/-/gulp-imagemin-1.0.1.tgz',
7 verbose readDependencies returned deps   'gulp-inject': 'https://registry.npmjs.org/gulp-inject/-/gulp-inject-3.0.0.tgz',
7 verbose readDependencies returned deps   'gulp-jscs': 'https://registry.npmjs.org/gulp-jscs/-/gulp-jscs-3.0.0.tgz',
7 verbose readDependencies returned deps   'gulp-jshint': 'https://registry.npmjs.org/gulp-jshint/-/gulp-jshint-1.7.1.tgz',
7 verbose readDependencies returned deps   'gulp-load-plugins': 'https://registry.npmjs.org/gulp-load-plugins/-/gulp-load-plugins-0.7.0.tgz',
7 verbose readDependencies returned deps   'gulp-ng-annotate': 'https://registry.npmjs.org/gulp-ng-annotate/-/gulp-ng-annotate-0.5.3.tgz',
7 verbose readDependencies returned deps   'gulp-nodemon': 'https://registry.npmjs.org/gulp-nodemon/-/gulp-nodemon-1.0.4.tgz',
7 verbose readDependencies returned deps   'gulp-order': 'https://registry.npmjs.org/gulp-order/-/gulp-order-1.1.1.tgz',
7 verbose readDependencies returned deps   'gulp-plumber': 'https://registry.npmjs.org/gulp-plumber/-/gulp-plumber-0.6.6.tgz',
7 verbose readDependencies returned deps   'gulp-print': 'https://registry.npmjs.org/gulp-print/-/gulp-print-1.1.0.tgz',
7 verbose readDependencies returned deps   'gulp-replace': 'https://registry.npmjs.org/gulp-replace/-/gulp-replace-0.5.4.tgz',
7 verbose readDependencies returned deps   'gulp-rev': 'https://registry.npmjs.org/gulp-rev/-/gulp-rev-1.1.0.tgz',
7 verbose readDependencies returned deps   'gulp-rev-replace': 'https://registry.npmjs.org/gulp-rev-replace/-/gulp-rev-replace-0.3.1.tgz',
7 verbose readDependencies returned deps   'gulp-sass': 'https://registry.npmjs.org/gulp-sass/-/gulp-sass-2.1.1.tgz',
7 verbose readDependencies returned deps   'gulp-sass-lint': 'https://registry.npmjs.org/gulp-sass-lint/-/gulp-sass-lint-1.0.1.tgz',
7 verbose readDependencies returned deps   'gulp-sourcemaps': 'https://registry.npmjs.org/gulp-sourcemaps/-/gulp-sourcemaps-1.6.0.tgz',
7 verbose readDependencies returned deps   'gulp-task-listing': 'https://registry.npmjs.org/gulp-task-listing/-/gulp-task-listing-1.0.0.tgz',
7 verbose readDependencies returned deps   'gulp-uglify': 'https://registry.npmjs.org/gulp-uglify/-/gulp-uglify-1.5.1.tgz',
7 verbose readDependencies returned deps   'gulp-useref': 'https://registry.npmjs.org/gulp-useref/-/gulp-useref-1.0.2.tgz',
7 verbose readDependencies returned deps   'gulp-util': 'https://registry.npmjs.org/gulp-util/-/gulp-util-3.0.1.tgz',
7 verbose readDependencies returned deps   'gulp.spritesmith': 'https://registry.npmjs.org/gulp.spritesmith/-/gulp.spritesmith-6.0.1.tgz',
7 verbose readDependencies returned deps   jsdoc: 'https://registry.npmjs.org/jsdoc/-/jsdoc-3.3.3.tgz',
7 verbose readDependencies returned deps   'jshint-stylish': 'https://registry.npmjs.org/jshint-stylish/-/jshint-stylish-1.0.0.tgz',
7 verbose readDependencies returned deps   karma: 'https://registry.npmjs.org/karma/-/karma-0.12.24.tgz',
7 verbose readDependencies returned deps   'karma-chai': 'https://registry.npmjs.org/karma-chai/-/karma-chai-0.1.0.tgz',
7 verbose readDependencies returned deps   'karma-chai-sinon': 'https://registry.npmjs.org/karma-chai-sinon/-/karma-chai-sinon-0.1.3.tgz',
7 verbose readDependencies returned deps   'karma-chrome-launcher': 'https://registry.npmjs.org/karma-chrome-launcher/-/karma-chrome-launcher-0.1.4.tgz',
7 verbose readDependencies returned deps   'karma-coverage': 'https://registry.npmjs.org/karma-coverage/-/karma-coverage-0.5.3.tgz',
7 verbose readDependencies returned deps   'karma-firefox-launcher': 'https://registry.npmjs.org/karma-firefox-launcher/-/karma-firefox-launcher-0.1.3.tgz',
7 verbose readDependencies returned deps   'karma-growl-reporter': 'https://registry.npmjs.org/karma-growl-reporter/-/karma-growl-reporter-0.1.1.tgz',
7 verbose readDependencies returned deps   'karma-mocha': 'https://registry.npmjs.org/karma-mocha/-/karma-mocha-0.1.4.tgz',
7 verbose readDependencies returned deps   'karma-phantomjs-launcher': 'https://registry.npmjs.org/karma-phantomjs-launcher/-/karma-phantomjs-launcher-0.1.4.tgz',
7 verbose readDependencies returned deps   'karma-safari-launcher': 'https://registry.npmjs.org/karma-safari-launcher/-/karma-safari-launcher-0.1.1.tgz',
7 verbose readDependencies returned deps   'karma-sinon': 'https://registry.npmjs.org/karma-sinon/-/karma-sinon-1.0.3.tgz',
7 verbose readDependencies returned deps   lodash: 'https://registry.npmjs.org/lodash/-/lodash-3.10.1.tgz',
7 verbose readDependencies returned deps   'merge-stream': 'https://registry.npmjs.org/merge-stream/-/merge-stream-1.0.0.tgz',
7 verbose readDependencies returned deps   'method-override': 'https://registry.npmjs.org/method-override/-/method-override-1.0.2.tgz',
7 verbose readDependencies returned deps   minimist: 'https://registry.npmjs.org/minimist/-/minimist-1.1.0.tgz',
7 verbose readDependencies returned deps   mocha: 'https://registry.npmjs.org/mocha/-/mocha-1.20.1.tgz',
7 verbose readDependencies returned deps   'mocha-clean': 'https://registry.npmjs.org/mocha-clean/-/mocha-clean-0.4.0.tgz',
7 verbose readDependencies returned deps   morgan: 'https://registry.npmjs.org/morgan/-/morgan-1.1.1.tgz',
7 verbose readDependencies returned deps   'node-notifier': 'https://registry.npmjs.org/node-notifier/-/node-notifier-4.0.3.tgz',
7 verbose readDependencies returned deps   open: 'https://registry.npmjs.org/open/-/open-0.0.5.tgz',
7 verbose readDependencies returned deps   phantomjs: 'https://registry.npmjs.org/phantomjs/-/phantomjs-1.9.16.tgz',
7 verbose readDependencies returned deps   plato: 'https://registry.npmjs.org/plato/-/plato-1.2.0.tgz',
7 verbose readDependencies returned deps   protractor: 'https://registry.npmjs.org/protractor/-/protractor-2.4.0.tgz',
7 verbose readDependencies returned deps   ramda: 'https://registry.npmjs.org/ramda/-/ramda-0.18.0.tgz',
7 verbose readDependencies returned deps   'run-sequence': 'https://registry.npmjs.org/run-sequence/-/run-sequence-1.1.4.tgz',
7 verbose readDependencies returned deps   'serve-favicon': 'https://registry.npmjs.org/serve-favicon/-/serve-favicon-2.0.1.tgz',
7 verbose readDependencies returned deps   sinon: 'https://registry.npmjs.org/sinon/-/sinon-1.12.2.tgz',
7 verbose readDependencies returned deps   'sinon-chai': 'https://registry.npmjs.org/sinon-chai/-/sinon-chai-2.6.0.tgz',
7 verbose readDependencies returned deps   wiredep: 'https://registry.npmjs.org/wiredep/-/wiredep-2.1.0.tgz',
7 verbose readDependencies returned deps   yargs: 'https://registry.npmjs.org/yargs/-/yargs-1.3.3.tgz' }
8 verbose install where, deps [ 'C:\\Users\\shahbrother\\Desktop\\Send\\Wallet',
8 verbose install   [ 'body-parser',
8 verbose install     'browser-sync',
8 verbose install     'chai',
8 verbose install     'chai-as-promised',
8 verbose install     'chalk',
8 verbose install     'dateformat',
8 verbose install     'debug',
8 verbose install     'del',
8 verbose install     'es6-promise',
8 verbose install     'express',
8 verbose install     'glob',
8 verbose install     'gulp',
8 verbose install     'gulp-add-src',
8 verbose install     'gulp-angular-templatecache',
8 verbose install     'gulp-autoprefixer',
8 verbose install     'gulp-bump',
8 verbose install     'gulp-bytediff',
8 verbose install     'gulp-concat',
8 verbose install     'gulp-cssnano',
8 verbose install     'gulp-filter',
8 verbose install     'gulp-flatten',
8 verbose install     'gulp-header',
8 verbose install     'gulp-htmlhint',
8 verbose install     'gulp-htmlmin',
8 verbose install     'gulp-if',
8 verbose install     'gulp-iife',
8 verbose install     'gulp-imagemin',
8 verbose install     'gulp-inject',
8 verbose install     'gulp-jscs',
8 verbose install     'gulp-jshint',
8 verbose install     'gulp-load-plugins',
8 verbose install     'gulp-ng-annotate',
8 verbose install     'gulp-nodemon',
8 verbose install     'gulp-order',
8 verbose install     'gulp-plumber',
8 verbose install     'gulp-print',
8 verbose install     'gulp-replace',
8 verbose install     'gulp-rev',
8 verbose install     'gulp-rev-replace',
8 verbose install     'gulp-sass',
8 verbose install     'gulp-sass-lint',
8 verbose install     'gulp-sourcemaps',
8 verbose install     'gulp-task-listing',
8 verbose install     'gulp-uglify',
8 verbose install     'gulp-useref',
8 verbose install     'gulp-util',
8 verbose install     'gulp.spritesmith',
8 verbose install     'jsdoc',
8 verbose install     'jshint-stylish',
8 verbose install     'karma',
8 verbose install     'karma-chai',
8 verbose install     'karma-chai-sinon',
8 verbose install     'karma-chrome-launcher',
8 verbose install     'karma-coverage',
8 verbose install     'karma-firefox-launcher',
8 verbose install     'karma-growl-reporter',
8 verbose install     'karma-mocha',
8 verbose install     'karma-phantomjs-launcher',
8 verbose install     'karma-safari-launcher',
8 verbose install     'karma-sinon',
8 verbose install     'lodash',
8 verbose install     'merge-stream',
8 verbose install     'method-override',
8 verbose install     'minimist',
8 verbose install     'mocha',
8 verbose install     'mocha-clean',
8 verbose install     'morgan',
8 verbose install     'node-notifier',
8 verbose install     'open',
8 verbose install     'phantomjs',
8 verbose install     'plato',
8 verbose install     'protractor',
8 verbose install     'ramda',
8 verbose install     'run-sequence',
8 verbose install     'serve-favicon',
8 verbose install     'sinon',
8 verbose install     'sinon-chai',
8 verbose install     'wiredep',
8 verbose install     'yargs' ] ]
9 verbose install where, peers [ 'C:\\Users\\shahbrother\\Desktop\\Send\\Wallet', [] ]
10 verbose installManyTop reading for lifecycle C:\Users\shahbrother\Desktop\Send\Wallet\package.json
11 info preinstall phoenix-wallet@0.0.4
12 verbose unsafe-perm in lifecycle true
13 info phoenix-wallet@0.0.4 Failed to exec preinstall script
14 verbose stack Error: phoenix-wallet@0.0.4 preinstall: `cd ./.git/hooks; ln -sfn ../../hooks/* .`
14 verbose stack Exit status 1
14 verbose stack     at EventEmitter.<anonymous> (C:\Program Files\nodejs\node_modules\npm\lib\utils\lifecycle.js:214:16)
14 verbose stack     at emitTwo (events.js:87:13)
14 verbose stack     at EventEmitter.emit (events.js:172:7)
14 verbose stack     at ChildProcess.<anonymous> (C:\Program Files\nodejs\node_modules\npm\lib\utils\spawn.js:24:14)
14 verbose stack     at emitTwo (events.js:87:13)
14 verbose stack     at ChildProcess.emit (events.js:172:7)
14 verbose stack     at maybeClose (internal/child_process.js:818:16)
14 verbose stack     at Process.ChildProcess._handle.onexit (internal/child_process.js:211:5)
15 verbose pkgid phoenix-wallet@0.0.4
16 verbose cwd C:\Users\shahbrother\Desktop\Send\Wallet
17 error Windows_NT 10.0.10240
18 error argv "C:\\Program Files\\nodejs\\node.exe" "C:\\Program Files\\nodejs\\node_modules\\npm\\bin\\npm-cli.js" "install"
19 error node v4.1.2
20 error npm  v2.14.4
21 error code ELIFECYCLE
22 error phoenix-wallet@0.0.4 preinstall: `cd ./.git/hooks; ln -sfn ../../hooks/* .`
22 error Exit status 1
23 error Failed at the phoenix-wallet@0.0.4 preinstall script 'cd ./.git/hooks; ln -sfn ../../hooks/* .'.
23 error This is most likely a problem with the phoenix-wallet package,
23 error not with npm itself.
23 error Tell the author that this fails on your system:
23 error     cd ./.git/hooks; ln -sfn ../../hooks/* .
23 error You can get their info via:
23 error     npm owner ls phoenix-wallet
23 error There is likely additional logging output above.
24 verbose exit [ 1, true ]
